2023-05-13 [15:11:15.280] [Server thread/INFO]: Loading server configuration
2023-05-13 [15:11:15.310] [Server thread/INFO]: Selected English (eng) as the base language
2023-05-13 [15:11:15.360] [Server thread/INFO]: Starting Minecraft: Bedrock Edition server version v1.19.80
2023-05-13 [15:11:15.365] [Server thread/INFO]: Online mode is enabled. The server will verify that players are authenticated to Xbox Live.
2023-05-13 [15:11:15.388] [Server thread/INFO]: This server is running PocketMine-MP version 4.20.4
2023-05-13 [15:11:15.388] [Server thread/INFO]: PocketMine-MP is distributed under the LGPL License
2023-05-13 [15:11:15.972] [Server thread/INFO]: Loading resource packs...
2023-05-13 [15:11:16.097] [Server thread/INFO]: Preparing world "world"
2023-05-13 [15:11:16.121] [Server thread/NOTICE]: Spawn terrain for world "world" is being generated in the background
2023-05-13 [15:11:16.207] [Server thread/INFO]: Minecraft network interface running on 0.0.0.0:2001
2023-05-13 [15:11:16.207] [Server thread/INFO]: GS4 Query listener running on 0.0.0.0:2001
2023-05-13 [15:11:16.269] [Server thread/INFO]: Minecraft network interface running on [::]:19133
2023-05-13 [15:11:16.269] [Server thread/INFO]: GS4 Query listener running on [::]:19133
2023-05-13 [15:11:16.270] [Server thread/INFO]: Default game type: Survival Mode
2023-05-13 [15:11:16.270] [Server thread/INFO]: If you find this project useful, please consider donating to support development: https://patreon.com/pocketminemp
2023-05-13 [15:11:16.270] [Server thread/INFO]: Done (0.993s)! For help, type "help" or "?"
2023-05-13 [15:11:17.293] [Server thread/INFO]: [World: world] Generating spawn terrain: 1 / 224 (0%)
2023-05-13 [15:11:28.389] [Server thread/INFO]: [World: world] Generating spawn terrain: 23 / 224 (10%)
2023-05-13 [15:11:31.303] [Server thread/INFO]: [World: world] Generating spawn terrain: 45 / 224 (20%)
2023-05-13 [15:11:33.279] [Server thread/INFO]: [World: world] Generating spawn terrain: 68 / 224 (30%)
2023-05-13 [15:11:34.377] [Server thread/INFO]: [World: world] Generating spawn terrain: 90 / 224 (40%)
2023-05-13 [15:11:35.482] [Server thread/INFO]: [World: world] Generating spawn terrain: 112 / 224 (50%)
2023-05-13 [15:11:36.479] [Server thread/INFO]: [World: world] Generating spawn terrain: 135 / 224 (60%)
2023-05-13 [15:11:37.497] [Server thread/INFO]: [World: world] Generating spawn terrain: 157 / 224 (70%)
2023-05-13 [15:11:38.401] [Server thread/INFO]: [World: world] Generating spawn terrain: 180 / 224 (80%)
2023-05-13 [15:11:39.066] [Server thread/INFO]: [World: world] Generating spawn terrain: 202 / 224 (90%)
2023-05-13 [15:11:39.505] [Server thread/INFO]: [World: world] Generating spawn terrain: 224 / 224 (100%)
